<?xml version="1.0" encoding="UTF-8"?>
<robot generator="Robot 4.1.3 (Python 3.6.5 on win32)" generated="20220506 21:23:02.545" rpa="false" schemaversion="2">
<suite id="s1" name="Czc" source="C:\development\robot-scripts\czc\tests\czc.robot">
<test id="s1-t1" name="User must sign in to check out">
<kw name="Open Browser" library="SeleniumLibrary">
<arg>${url}</arg>
<arg>${browser}</arg>
<doc>Opens a new browser instance to the optional ``url``.</doc>
<msg timestamp="20220506 21:23:02.850" level="INFO">Opening browser 'chrome' to base url 'https://www.czc.cz/'.</msg>
<status status="PASS" starttime="20220506 21:23:02.850" endtime="20220506 21:23:08.146"/>
</kw>
<kw name="Maximize Browser Window" library="SeleniumLibrary">
<doc>Maximizes current browser window.</doc>
<status status="PASS" starttime="20220506 21:23:08.146" endtime="20220506 21:23:08.333"/>
</kw>
<kw name="Wait Until Page Contains" library="SeleniumLibrary">
<arg>Souhlasím</arg>
<doc>Waits until ``text`` appears on the current page.</doc>
<status status="PASS" starttime="20220506 21:23:08.334" endtime="20220506 21:23:08.461"/>
</kw>
<kw name="Click Button" library="SeleniumLibrary">
<arg>css=#ccp-popup &gt; div &gt; div.ccp-controls &gt; button.btn.btn-primary.btn--md.ccp-controls__all-cookies.js-all-cookies</arg>
<doc>Clicks the button identified by ``locator``.</doc>
<msg timestamp="20220506 21:23:08.464" level="INFO">Clicking button 'css=#ccp-popup &gt; div &gt; div.ccp-controls &gt; button.btn.btn-primary.btn--md.ccp-controls__all-cookies.js-all-cookies'.</msg>
<status status="PASS" starttime="20220506 21:23:08.461" endtime="20220506 21:23:08.569"/>
</kw>
<kw name="Sleep" library="BuiltIn">
<arg>3s</arg>
<doc>Pauses the test executed for the given time.</doc>
<msg timestamp="20220506 21:23:11.577" level="INFO">Slept 3 seconds</msg>
<status status="PASS" starttime="20220506 21:23:08.569" endtime="20220506 21:23:11.577"/>
</kw>
<kw name="Input Text" library="SeleniumLibrary">
<arg>id=fulltext</arg>
<arg>CR2032</arg>
<doc>Types the given ``text`` into the text field identified by ``locator``.</doc>
<msg timestamp="20220506 21:23:11.578" level="INFO">Typing text 'CR2032' into text field 'id=fulltext'.</msg>
<status status="PASS" starttime="20220506 21:23:11.578" endtime="20220506 21:23:12.081"/>
</kw>
<kw name="Sleep" library="BuiltIn">
<arg>3s</arg>
<doc>Pauses the test executed for the given time.</doc>
<msg timestamp="20220506 21:23:15.091" level="INFO">Slept 3 seconds</msg>
<status status="PASS" starttime="20220506 21:23:12.082" endtime="20220506 21:23:15.091"/>
</kw>
<kw name="Click Button" library="SeleniumLibrary">
<arg>css=#wrapper &gt; header &gt; div.header__background &gt; div &gt; div.fulltext &gt; form &gt; button</arg>
<doc>Clicks the button identified by ``locator``.</doc>
<msg timestamp="20220506 21:23:15.092" level="INFO">Clicking button 'css=#wrapper &gt; header &gt; div.header__background &gt; div &gt; div.fulltext &gt; form &gt; button'.</msg>
<status status="PASS" starttime="20220506 21:23:15.092" endtime="20220506 21:23:17.914"/>
</kw>
<kw name="Sleep" library="BuiltIn">
<arg>3s</arg>
<doc>Pauses the test executed for the given time.</doc>
<msg timestamp="20220506 21:23:20.929" level="INFO">Slept 3 seconds</msg>
<status status="PASS" starttime="20220506 21:23:17.915" endtime="20220506 21:23:20.929"/>
</kw>
<kw name="Click Link" library="SeleniumLibrary">
<arg>css=#tiles &gt; div:nth-child(1) &gt; div.img-wrapper &gt; a</arg>
<doc>Clicks a link identified by ``locator``.</doc>
<msg timestamp="20220506 21:23:20.931" level="INFO">Clicking link 'css=#tiles &gt; div:nth-child(1) &gt; div.img-wrapper &gt; a'.</msg>
<status status="PASS" starttime="20220506 21:23:20.930" endtime="20220506 21:23:22.758"/>
</kw>
<kw name="Wait Until Page Contains" library="SeleniumLibrary">
<arg>Philips CR2032 - 2ks</arg>
<doc>Waits until ``text`` appears on the current page.</doc>
<status status="PASS" starttime="20220506 21:23:22.759" endtime="20220506 21:23:22.830"/>
</kw>
<kw name="Click Button" library="SeleniumLibrary">
<arg>css=#product-price-and-delivery-section &gt; div.pd-cta-buttons &gt; button</arg>
<doc>Clicks the button identified by ``locator``.</doc>
<msg timestamp="20220506 21:23:22.833" level="INFO">Clicking button 'css=#product-price-and-delivery-section &gt; div.pd-cta-buttons &gt; button'.</msg>
<status status="PASS" starttime="20220506 21:23:22.832" endtime="20220506 21:23:23.159"/>
</kw>
<kw name="Sleep" library="BuiltIn">
<arg>3s</arg>
<doc>Pauses the test executed for the given time.</doc>
<msg timestamp="20220506 21:23:26.186" level="INFO">Slept 3 seconds</msg>
<status status="PASS" starttime="20220506 21:23:23.174" endtime="20220506 21:23:26.186"/>
</kw>
<kw name="Click Element" library="SeleniumLibrary">
<arg>css=#buy-mode-product &gt; div.buy-mode-product__item.buttons &gt; a</arg>
<doc>Click the element identified by ``locator``.</doc>
<msg timestamp="20220506 21:23:26.189" level="INFO">Clicking element 'css=#buy-mode-product &gt; div.buy-mode-product__item.buttons &gt; a'.</msg>
<status status="PASS" starttime="20220506 21:23:26.189" endtime="20220506 21:23:27.510"/>
</kw>
<kw name="Sleep" library="BuiltIn">
<arg>3s</arg>
<doc>Pauses the test executed for the given time.</doc>
<msg timestamp="20220506 21:23:30.514" level="INFO">Slept 3 seconds</msg>
<status status="PASS" starttime="20220506 21:23:27.511" endtime="20220506 21:23:30.514"/>
</kw>
<kw name="Click Button" library="SeleniumLibrary">
<arg>css=#basket-controls-container &gt; div &gt; button</arg>
<doc>Clicks the button identified by ``locator``.</doc>
<msg timestamp="20220506 21:23:30.517" level="INFO">Clicking button 'css=#basket-controls-container &gt; div &gt; button'.</msg>
<status status="PASS" starttime="20220506 21:23:30.516" endtime="20220506 21:23:32.173"/>
</kw>
<kw name="Sleep" library="BuiltIn">
<arg>3s</arg>
<doc>Pauses the test executed for the given time.</doc>
<msg timestamp="20220506 21:23:35.184" level="INFO">Slept 3 seconds</msg>
<status status="PASS" starttime="20220506 21:23:32.173" endtime="20220506 21:23:35.184"/>
</kw>
<kw name="Click Element" library="SeleniumLibrary">
<arg>css=#del-pay-frm__delivery-items &gt; label:nth-child(2) &gt; svg</arg>
<doc>Click the element identified by ``locator``.</doc>
<msg timestamp="20220506 21:23:35.187" level="INFO">Clicking element 'css=#del-pay-frm__delivery-items &gt; label:nth-child(2) &gt; svg'.</msg>
<status status="PASS" starttime="20220506 21:23:35.186" endtime="20220506 21:23:35.347"/>
</kw>
<kw name="Sleep" library="BuiltIn">
<arg>3s</arg>
<doc>Pauses the test executed for the given time.</doc>
<msg timestamp="20220506 21:23:38.357" level="INFO">Slept 3 seconds</msg>
<status status="PASS" starttime="20220506 21:23:35.348" endtime="20220506 21:23:38.357"/>
</kw>
<kw name="Input Text" library="SeleniumLibrary">
<arg>id=frm-search-address</arg>
<arg>praha 5 andel</arg>
<doc>Types the given ``text`` into the text field identified by ``locator``.</doc>
<msg timestamp="20220506 21:23:38.358" level="INFO">Typing text 'praha 5 andel' into text field 'id=frm-search-address'.</msg>
<status status="PASS" starttime="20220506 21:23:38.357" endtime="20220506 21:23:38.571"/>
</kw>
<kw name="Sleep" library="BuiltIn">
<arg>3s</arg>
<doc>Pauses the test executed for the given time.</doc>
<msg timestamp="20220506 21:23:41.586" level="INFO">Slept 3 seconds</msg>
<status status="PASS" starttime="20220506 21:23:38.574" endtime="20220506 21:23:41.586"/>
</kw>
<kw name="Press Keys" library="SeleniumLibrary">
<arg>none</arg>
<arg>ENTER</arg>
<doc>Simulates the user pressing key(s) to an element or on the active browser.</doc>
<msg timestamp="20220506 21:23:41.591" level="INFO">Sending key(s) ('ENTER',) to page.</msg>
<msg timestamp="20220506 21:23:41.592" level="INFO">Pressing special key ENTER to browser.</msg>
<msg timestamp="20220506 21:23:41.592" level="INFO">Releasing special key ENTER.</msg>
<status status="PASS" starttime="20220506 21:23:41.588" endtime="20220506 21:23:41.700"/>
</kw>
<kw name="Sleep" library="BuiltIn">
<arg>3s</arg>
<doc>Pauses the test executed for the given time.</doc>
<msg timestamp="20220506 21:23:44.712" level="INFO">Slept 3 seconds</msg>
<status status="PASS" starttime="20220506 21:23:41.707" endtime="20220506 21:23:44.713"/>
</kw>
<kw name="Click Button" library="SeleniumLibrary">
<arg>css=#popup-pick-up-points--czc_selected &gt; div &gt; div.pup-filters &gt; div.pup-bottom &gt; div.pup-points.thin-scrollbar &gt; div.pup-points__item.pup-points__item--selected &gt; div.pup-points__buttons &gt; button.btn.btn-primary.pup-points__confirm.btn--sm</arg>
<doc>Clicks the button identified by ``locator``.</doc>
<msg timestamp="20220506 21:23:44.718" level="INFO">Clicking button 'css=#popup-pick-up-points--czc_selected &gt; div &gt; div.pup-filters &gt; div.pup-bottom &gt; div.pup-points.thin-scrollbar &gt; div.pup-points__item.pup-points__item--selected &gt; div.pup-points__buttons &gt; button.btn.btn-primary.pup-points__confirm.btn--sm'.</msg>
<status status="PASS" starttime="20220506 21:23:44.716" endtime="20220506 21:23:44.859"/>
</kw>
<kw name="Sleep" library="BuiltIn">
<arg>3s</arg>
<doc>Pauses the test executed for the given time.</doc>
<msg timestamp="20220506 21:23:47.866" level="INFO">Slept 3 seconds</msg>
<status status="PASS" starttime="20220506 21:23:44.860" endtime="20220506 21:23:47.867"/>
</kw>
<kw name="Click Element" library="SeleniumLibrary">
<arg>css=#del-pay-frm__payment-items &gt; label:nth-child(1) &gt; svg</arg>
<doc>Click the element identified by ``locator``.</doc>
<msg timestamp="20220506 21:23:47.870" level="INFO">Clicking element 'css=#del-pay-frm__payment-items &gt; label:nth-child(1) &gt; svg'.</msg>
<status status="PASS" starttime="20220506 21:23:47.869" endtime="20220506 21:23:47.967"/>
</kw>
<kw name="Sleep" library="BuiltIn">
<arg>3s</arg>
<doc>Pauses the test executed for the given time.</doc>
<msg timestamp="20220506 21:23:50.978" level="INFO">Slept 3 seconds</msg>
<status status="PASS" starttime="20220506 21:23:47.968" endtime="20220506 21:23:50.978"/>
</kw>
<kw name="Click Button" library="SeleniumLibrary">
<arg>css=#del-pay-frm__submit</arg>
<doc>Clicks the button identified by ``locator``.</doc>
<msg timestamp="20220506 21:23:50.979" level="INFO">Clicking button 'css=#del-pay-frm__submit'.</msg>
<status status="PASS" starttime="20220506 21:23:50.979" endtime="20220506 21:23:52.738"/>
</kw>
<kw name="Sleep" library="BuiltIn">
<arg>3s</arg>
<doc>Pauses the test executed for the given time.</doc>
<msg timestamp="20220506 21:23:55.751" level="INFO">Slept 3 seconds</msg>
<status status="PASS" starttime="20220506 21:23:52.739" endtime="20220506 21:23:55.752"/>
</kw>
<kw name="Click Element" library="SeleniumLibrary">
<arg>css=#basket-table &gt; div:nth-child(2) &gt; div &gt; div.op-login.clearfix &gt; a</arg>
<doc>Click the element identified by ``locator``.</doc>
<msg timestamp="20220506 21:23:55.756" level="INFO">Clicking element 'css=#basket-table &gt; div:nth-child(2) &gt; div &gt; div.op-login.clearfix &gt; a'.</msg>
<status status="PASS" starttime="20220506 21:23:55.755" endtime="20220506 21:23:55.976"/>
</kw>
<kw name="Sleep" library="BuiltIn">
<arg>3s</arg>
<doc>Pauses the test executed for the given time.</doc>
<msg timestamp="20220506 21:23:58.979" level="INFO">Slept 3 seconds</msg>
<status status="PASS" starttime="20220506 21:23:55.976" endtime="20220506 21:23:58.980"/>
</kw>
<kw name="Input Text" library="SeleniumLibrary">
<arg>id=frm-name</arg>
<arg>jozkomrkvicka@test.com</arg>
<doc>Types the given ``text`` into the text field identified by ``locator``.</doc>
<msg timestamp="20220506 21:23:58.982" level="INFO">Typing text 'jozkomrkvicka@test.com' into text field 'id=frm-name'.</msg>
<status status="PASS" starttime="20220506 21:23:58.981" endtime="20220506 21:23:59.199"/>
</kw>
<kw name="Press Keys" library="SeleniumLibrary">
<arg>none</arg>
<arg>TAB</arg>
<doc>Simulates the user pressing key(s) to an element or on the active browser.</doc>
<msg timestamp="20220506 21:23:59.201" level="INFO">Sending key(s) ('TAB',) to page.</msg>
<msg timestamp="20220506 21:23:59.201" level="INFO">Pressing special key TAB to browser.</msg>
<msg timestamp="20220506 21:23:59.201" level="INFO">Releasing special key TAB.</msg>
<status status="PASS" starttime="20220506 21:23:59.200" endtime="20220506 21:23:59.215"/>
</kw>
<kw name="Sleep" library="BuiltIn">
<arg>5s</arg>
<doc>Pauses the test executed for the given time.</doc>
<msg timestamp="20220506 21:24:04.226" level="INFO">Slept 5 seconds</msg>
<status status="PASS" starttime="20220506 21:23:59.216" endtime="20220506 21:24:04.226"/>
</kw>
<kw name="Close Browser" library="SeleniumLibrary">
<doc>Closes the current browser.</doc>
<status status="PASS" starttime="20220506 21:24:04.226" endtime="20220506 21:24:06.689"/>
</kw>
<doc>purchase of a specific product from the czc.cz portal</doc>
<tag>Smoke</tag>
<status status="PASS" starttime="20220506 21:23:02.848" endtime="20220506 21:24:06.691"/>
</test>
<doc>automatic shopping test</doc>
<status status="PASS" starttime="20220506 21:23:02.548" endtime="20220506 21:24:06.697"/>
</suite>
<statistics>
<total>
<stat pass="1" fail="0" skip="0">All Tests</stat>
</total>
<tag>
<stat pass="1" fail="0" skip="0">Smoke</stat>
</tag>
<suite>
<stat pass="1" fail="0" skip="0" id="s1" name="Czc">Czc</stat>
</suite>
</statistics>
<errors>
</errors>
</robot>
